<?xml version="1.0" encoding="UTF-8"?>
<testng-results ignored="0" total="1" passed="1" failed="0" skipped="0">
  <reporter-output>
  </reporter-output>
  <suite started-at="2023-03-03T08:21:26 IST" name="OpenCartSuite" finished-at="2023-03-03T08:21:44 IST" duration-ms="18351">
    <groups>
      <group name="Master">
        <method signature="TC_006_Search.SearchFunctionalityTest()[pri:0, instance:testCases.TC_006_Search@6adbc9d]" name="SearchFunctionalityTest" class="testCases.TC_006_Search"/>
      </group> <!-- Master -->
      <group name="Sanity">
        <method signature="TC_006_Search.SearchFunctionalityTest()[pri:0, instance:testCases.TC_006_Search@6adbc9d]" name="SearchFunctionalityTest" class="testCases.TC_006_Search"/>
      </group> <!-- Sanity -->
      <group name="Regression">
        <method signature="TC_006_Search.SearchFunctionalityTest()[pri:0, instance:testCases.TC_006_Search@6adbc9d]" name="SearchFunctionalityTest" class="testCases.TC_006_Search"/>
      </group> <!-- Regression -->
    </groups>
    <test started-at="2023-03-03T08:21:26 IST" name="OpenCartTest" finished-at="2023-03-03T08:21:44 IST" duration-ms="18351">
      <class name="testCases.TC_006_Search">
        <test-method is-config="true" signature="setup(java.lang.String)[pri:0, instance:testCases.TC_006_Search@6adbc9d]" started-at="2023-03-03T08:21:27 IST" name="setup" finished-at="2023-03-03T08:21:36 IST" duration-ms="9395" status="PASS">
          <params>
            <param index="0">
              <value>
                <![CDATA[chrome]]>
              </value>
            </param>
          </params>
          <reporter-output>
          </reporter-output>
        </test-method> <!-- setup -->
        <test-method signature="SearchFunctionalityTest()[pri:0, instance:testCases.TC_006_Search@6adbc9d]" started-at="2023-03-03T08:21:36 IST" name="SearchFunctionalityTest" finished-at="2023-03-03T08:21:43 IST" duration-ms="6608" status="PASS">
          <reporter-output>
          </reporter-output>
        </test-method> <!-- SearchFunctionalityTest -->
        <test-method is-config="true" signature="teardown()[pri:0, instance:testCases.TC_006_Search@6adbc9d]" started-at="2023-03-03T08:21:43 IST" name="teardown" finished-at="2023-03-03T08:21:44 IST" duration-ms="1389" status="PASS">
          <reporter-output>
          </reporter-output>
        </test-method> <!-- teardown -->
      </class> <!-- testCases.TC_006_Search -->
    </test> <!-- OpenCartTest -->
  </suite> <!-- OpenCartSuite -->
</testng-results>
