<?xml version="1.0" encoding="UTF-8"?>
<!-- Generated by org.testng.reporters.JUnitXMLReporter -->
<testsuite ignored="0" hostname="DESKTOP-UFRC4R1" failures="0" tests="9" name="OpenCartTest" time="188.233" errors="0" timestamp="2023-03-02T16:28:22 IST">
  <testcase classname="testCases.TC_001_AccountRegistrationTest" name="test_Account_Registration" time="13.232"/>
  <testcase classname="testCases.TC_002_LoginTest" name="LoginTest" time="4.97"/>
  <testcase classname="testCases.TC_003_LoginDataDrivenTest" name="test_loginDDT" time="26.996"/>
  <testcase classname="testCases.TC_003_LoginDataDrivenTest" name="test_loginDDT" time="26.722"/>
  <testcase classname="testCases.TC_003_LoginDataDrivenTest" name="test_loginDDT" time="26.104"/>
  <testcase classname="testCases.TC_003_LoginDataDrivenTest" name="test_loginDDT" time="26.295"/>
  <testcase classname="testCases.TC_003_LoginDataDrivenTest" name="test_loginDDT" time="7.938"/>
  <testcase classname="testCases.TC_004_LogOutTest" name="LogOutTest" time="5.881"/>
  <testcase classname="testCases.TC_005_ForgotPasswordTest" name="ForgotPasswordTest" time="6.102"/>
</testsuite> <!-- OpenCartTest -->
